Flow report for FullAdder
Mon Jun 03 17:03:07 2024
Quartus Prime Version 20.1.1 Build 720 11/11/2020 SJ Lite Edition


---------------------
; Table of Contents ;
---------------------
  1. Legal Notice
  2. Flow Summary
  3. Flow Settings
  4. Flow Non-Default Global Settings
  5. Flow Elapsed Time
  6. Flow OS Summary
  7. Flow Log
  8. Flow Messages
  9. Flow Suppressed Messages



----------------
; Legal Notice ;
----------------
Copyright (C) 2020  Intel Corporation. All rights reserved.
Your use of Intel Corporation's design tools, logic functions 
and other software and tools, and any partner logic 
functions, and any output files from any of the foregoing 
(including device programming or simulation files), and any 
associated documentation or information are expressly subject 
to the terms and conditions of the Intel Program License 
Subscription Agreement, the Intel Quartus Prime License Agreement,
the Intel FPGA IP License Agreement, or other applicable license
agreement, including, without limitation, that your use is for
the sole purpose of programming logic devices manufactured by
Intel and sold by Intel or its authorized distributors.  Please
refer to the applicable agreement for further details, at
https://fpgasoftware.intel.com/eula.



+---------------------------------------------------------------------+
; Flow Summary                                                        ;
+-----------------------+---------------------------------------------+
; Flow Status           ; Successful - Mon Jun 03 17:03:07 2024       ;
; Quartus Prime Version ; 20.1.1 Build 720 11/11/2020 SJ Lite Edition ;
; Revision Name         ; FullAdder                                   ;
; Top-level Entity Name ; DUT                                         ;
; Family                ; MAX V                                       ;
; Device                ; 5M1270ZT144C5                               ;
; Timing Models         ; Final                                       ;
; Total logic elements  ; 2 / 1,270 ( < 1 % )                         ;
; Total pins            ; 5 / 114 ( 4 % )                             ;
; Total virtual pins    ; 0                                           ;
; UFM blocks            ; 0 / 1 ( 0 % )                               ;
+-----------------------+---------------------------------------------+


+-----------------------------------------+
; Flow Settings                           ;
+-------------------+---------------------+
; Option            ; Setting             ;
+-------------------+---------------------+
; Start date & time ; 06/03/2024 17:02:55 ;
; Main task         ; Compilation         ;
; Revision Name     ; FullAdder           ;
+-------------------+---------------------+


+------------------------------------------------------------------------------------------------------------------------------------------+
; Flow Non-Default Global Settings                                                                                                         ;
+--------------------------------------+---------------------------------+---------------+-------------+-----------------------------------+
; Assignment Name                      ; Value                           ; Default Value ; Entity Name ; Section Id                        ;
+--------------------------------------+---------------------------------+---------------+-------------+-----------------------------------+
; COMPILER_SIGNATURE_ID                ; 118902016561618.171741437510756 ; --            ; --          ; --                                ;
; EDA_DESIGN_INSTANCE_NAME             ; dut_instance                    ; --            ; --          ; Testbench                         ;
; EDA_GENERATE_FUNCTIONAL_NETLIST      ; Off                             ; --            ; --          ; eda_board_design_timing           ;
; EDA_GENERATE_FUNCTIONAL_NETLIST      ; Off                             ; --            ; --          ; eda_board_design_boundary_scan    ;
; EDA_GENERATE_FUNCTIONAL_NETLIST      ; Off                             ; --            ; --          ; eda_board_design_signal_integrity ;
; EDA_GENERATE_FUNCTIONAL_NETLIST      ; Off                             ; --            ; --          ; eda_board_design_symbol           ;
; EDA_NATIVELINK_SIMULATION_TEST_BENCH ; Testbench                       ; --            ; --          ; eda_simulation                    ;
; EDA_OUTPUT_DATA_FORMAT               ; Vhdl                            ; --            ; --          ; eda_simulation                    ;
; EDA_SIMULATION_TOOL                  ; ModelSim-Altera (VHDL)          ; <None>        ; --          ; --                                ;
; EDA_TEST_BENCH_ENABLE_STATUS         ; TEST_BENCH_MODE                 ; --            ; --          ; eda_simulation                    ;
; EDA_TEST_BENCH_FILE                  ; Testbench.vhdl                  ; --            ; --          ; Testbench                         ;
; EDA_TEST_BENCH_FILE                  ; TRACEFILE.txt                   ; --            ; --          ; Testbench                         ;
; EDA_TEST_BENCH_MODULE_NAME           ; Testbench                       ; --            ; --          ; Testbench                         ;
; EDA_TEST_BENCH_NAME                  ; Testbench                       ; --            ; --          ; eda_simulation                    ;
; EDA_TIME_SCALE                       ; 1 ps                            ; --            ; --          ; eda_simulation                    ;
; MAX_CORE_JUNCTION_TEMP               ; 85                              ; --            ; --          ; --                                ;
; MIN_CORE_JUNCTION_TEMP               ; 0                               ; --            ; --          ; --                                ;
; POWER_PRESET_COOLING_SOLUTION        ; No Heat Sink With Still Air     ; --            ; --          ; --                                ;
; PROJECT_OUTPUT_DIRECTORY             ; output_files                    ; --            ; --          ; --                                ;
; TOP_LEVEL_ENTITY                     ; DUT                             ; FullAdder     ; --          ; --                                ;
+--------------------------------------+---------------------------------+---------------+-------------+-----------------------------------+


+--------------------------------------------------------------------------------------------------------------------------+
; Flow Elapsed Time                                                                                                        ;
+----------------------+--------------+-------------------------+---------------------+------------------------------------+
; Module Name          ; Elapsed Time ; Average Processors Used ; Peak Virtual Memory ; Total CPU Time (on all processors) ;
+----------------------+--------------+-------------------------+---------------------+------------------------------------+
; Analysis & Synthesis ; 00:00:07     ; 1.0                     ; 4764 MB             ; 00:00:10                           ;
; Fitter               ; 00:00:01     ; 1.0                     ; 5524 MB             ; 00:00:01                           ;
; Assembler            ; 00:00:00     ; 1.0                     ; 4662 MB             ; 00:00:00                           ;
; Timing Analyzer      ; 00:00:00     ; 1.0                     ; 4680 MB             ; 00:00:01                           ;
; EDA Netlist Writer   ; 00:00:01     ; 1.0                     ; 4620 MB             ; 00:00:00                           ;
; Total                ; 00:00:09     ; --                      ; --                  ; 00:00:12                           ;
+----------------------+--------------+-------------------------+---------------------+------------------------------------+


+------------------------------------------------------------------------------------+
; Flow OS Summary                                                                    ;
+----------------------+------------------+------------+------------+----------------+
; Module Name          ; Machine Hostname ; OS Name    ; OS Version ; Processor type ;
+----------------------+------------------+------------+------------+----------------+
; Analysis & Synthesis ; MoulikShaparia   ; Windows 10 ; 10.0       ; x86_64         ;
; Fitter               ; MoulikShaparia   ; Windows 10 ; 10.0       ; x86_64         ;
; Assembler            ; MoulikShaparia   ; Windows 10 ; 10.0       ; x86_64         ;
; Timing Analyzer      ; MoulikShaparia   ; Windows 10 ; 10.0       ; x86_64         ;
; EDA Netlist Writer   ; MoulikShaparia   ; Windows 10 ; 10.0       ; x86_64         ;
+----------------------+------------------+------------+------------+----------------+


------------
; Flow Log ;
------------
quartus_map --read_settings_files=on --write_settings_files=off FullAdder -c FullAdder
quartus_fit --read_settings_files=off --write_settings_files=off FullAdder -c FullAdder
quartus_asm --read_settings_files=off --write_settings_files=off FullAdder -c FullAdder
quartus_sta FullAdder -c FullAdder
quartus_eda --read_settings_files=off --write_settings_files=off FullAdder -c FullAdder



