Flow report for XOR_1
Mon Jun 03 13:51:34 2024
Quartus Prime Version 20.1.1 Build 720 11/11/2020 SJ Lite Edition


---------------------
; Table of Contents ;
---------------------
  1. Legal Notice
  2. Flow Summary
  3. Flow Settings
  4. Flow Non-Default Global Settings
  5. Flow Elapsed Time
  6. Flow OS Summary
  7. Flow Log
  8. Flow Messages
  9. Flow Suppressed Messages



----------------
; Legal Notice ;
----------------
Copyright (C) 2020  Intel Corporation. All rights reserved.
Your use of Intel Corporation's design tools, logic functions 
and other software and tools, and any partner logic 
functions, and any output files from any of the foregoing 
(including device programming or simulation files), and any 
associated documentation or information are expressly subject 
to the terms and conditions of the Intel Program License 
Subscription Agreement, the Intel Quartus Prime License Agreement,
the Intel FPGA IP License Agreement, or other applicable license
agreement, including, without limitation, that your use is for
the sole purpose of programming logic devices manufactured by
Intel and sold by Intel or its authorized distributors.  Please
refer to the applicable agreement for further details, at
https://fpgasoftware.intel.com/eula.



+---------------------------------------------------------------------+
; Flow Summary                                                        ;
+-----------------------+---------------------------------------------+
; Flow Status           ; Successful - Mon Jun 03 13:51:34 2024       ;
; Quartus Prime Version ; 20.1.1 Build 720 11/11/2020 SJ Lite Edition ;
; Revision Name         ; XOR_1                                       ;
; Top-level Entity Name ; DUT                                         ;
; Family                ; MAX V                                       ;
; Device                ; 5M1270ZT144C5                               ;
; Timing Models         ; Final                                       ;
; Total logic elements  ; 1 / 1,270 ( < 1 % )                         ;
; Total pins            ; 3 / 114 ( 3 % )                             ;
; Total virtual pins    ; 0                                           ;
; UFM blocks            ; 0 / 1 ( 0 % )                               ;
+-----------------------+---------------------------------------------+


+-----------------------------------------+
; Flow Settings                           ;
+-------------------+---------------------+
; Option            ; Setting             ;
+-------------------+---------------------+
; Start date & time ; 06/03/2024 13:51:19 ;
; Main task         ; Compilation         ;
; Revision Name     ; XOR_1               ;
+-------------------+---------------------+


+-------------------------------------------------------------------------------------------------------------------------------------+
; Flow Non-Default Global Settings                                                                                                    ;
+---------------------------------+---------------------------------+---------------+-------------+-----------------------------------+
; Assignment Name                 ; Value                           ; Default Value ; Entity Name ; Section Id                        ;
+---------------------------------+---------------------------------+---------------+-------------+-----------------------------------+
; COMPILER_SIGNATURE_ID           ; 118902016561618.171740287915920 ; --            ; --          ; --                                ;
; EDA_GENERATE_FUNCTIONAL_NETLIST ; Off                             ; --            ; --          ; eda_board_design_timing           ;
; EDA_GENERATE_FUNCTIONAL_NETLIST ; Off                             ; --            ; --          ; eda_board_design_boundary_scan    ;
; EDA_GENERATE_FUNCTIONAL_NETLIST ; Off                             ; --            ; --          ; eda_board_design_signal_integrity ;
; EDA_GENERATE_FUNCTIONAL_NETLIST ; Off                             ; --            ; --          ; eda_board_design_symbol           ;
; EDA_OUTPUT_DATA_FORMAT          ; Vhdl                            ; --            ; --          ; eda_simulation                    ;
; EDA_SIMULATION_TOOL             ; ModelSim-Altera (VHDL)          ; <None>        ; --          ; --                                ;
; EDA_TIME_SCALE                  ; 1 ps                            ; --            ; --          ; eda_simulation                    ;
; MAX_CORE_JUNCTION_TEMP          ; 85                              ; --            ; --          ; --                                ;
; MIN_CORE_JUNCTION_TEMP          ; 0                               ; --            ; --          ; --                                ;
; PROJECT_OUTPUT_DIRECTORY        ; output_files                    ; --            ; --          ; --                                ;
; TOP_LEVEL_ENTITY                ; DUT                             ; XOR_1         ; --          ; --                                ;
+---------------------------------+---------------------------------+---------------+-------------+-----------------------------------+


+--------------------------------------------------------------------------------------------------------------------------+
; Flow Elapsed Time                                                                                                        ;
+----------------------+--------------+-------------------------+---------------------+------------------------------------+
; Module Name          ; Elapsed Time ; Average Processors Used ; Peak Virtual Memory ; Total CPU Time (on all processors) ;
+----------------------+--------------+-------------------------+---------------------+------------------------------------+
; Analysis & Synthesis ; 00:00:09     ; 1.0                     ; 4760 MB             ; 00:00:14                           ;
; Fitter               ; 00:00:01     ; 1.0                     ; 5523 MB             ; 00:00:01                           ;
; Assembler            ; 00:00:00     ; 1.0                     ; 4662 MB             ; 00:00:00                           ;
; Timing Analyzer      ; 00:00:01     ; 1.0                     ; 4682 MB             ; 00:00:01                           ;
; EDA Netlist Writer   ; 00:00:01     ; 1.0                     ; 4620 MB             ; 00:00:00                           ;
; Total                ; 00:00:12     ; --                      ; --                  ; 00:00:16                           ;
+----------------------+--------------+-------------------------+---------------------+------------------------------------+


+------------------------------------------------------------------------------------+
; Flow OS Summary                                                                    ;
+----------------------+------------------+------------+------------+----------------+
; Module Name          ; Machine Hostname ; OS Name    ; OS Version ; Processor type ;
+----------------------+------------------+------------+------------+----------------+
; Analysis & Synthesis ; MoulikShaparia   ; Windows 10 ; 10.0       ; x86_64         ;
; Fitter               ; MoulikShaparia   ; Windows 10 ; 10.0       ; x86_64         ;
; Assembler            ; MoulikShaparia   ; Windows 10 ; 10.0       ; x86_64         ;
; Timing Analyzer      ; MoulikShaparia   ; Windows 10 ; 10.0       ; x86_64         ;
; EDA Netlist Writer   ; MoulikShaparia   ; Windows 10 ; 10.0       ; x86_64         ;
+----------------------+------------------+------------+------------+----------------+


------------
; Flow Log ;
------------
quartus_map --read_settings_files=on --write_settings_files=off XOR_1 -c XOR_1
quartus_fit --read_settings_files=off --write_settings_files=off XOR_1 -c XOR_1
quartus_asm --read_settings_files=off --write_settings_files=off XOR_1 -c XOR_1
quartus_sta XOR_1 -c XOR_1
quartus_eda --read_settings_files=off --write_settings_files=off XOR_1 -c XOR_1



